<?xml version="1.0" encoding="UTF-8"?>
<testsuite name="Tests" tests="7" skipped="0" failures="2" errors="0" timestamp="2017-07-04T13:34:31" hostname="MacBook-de-Sergio.local" time="0.447">
  <properties/>
  <testcase name="testOne" classname="Tests" time="0.119"/>
  <testcase name="testSix" classname="Tests" time="0.108">
    <failure message="java.lang.AssertionError: &#10;Expected: &quot;VGOOD&quot;&#10;     but: was &quot;ACC&quot;" type="java.lang.AssertionError">java.lang.AssertionError: 
Expected: &quot;VGOOD&quot;
     but: was &quot;ACC&quot;
	at org.hamcrest.MatcherAssert.assertThat(MatcherAssert.java:20)
	at org.junit.Assert.assertThat(Assert.java:956)
	at org.junit.Assert.assertThat(Assert.java:923)
	at Tests.testEntry(Tests.java:21)
	at Tests.testSix(Tests.java:58)
	at sun.reflect.NativeMethodAccessorImpl.invoke0(Native Method)
	at sun.reflect.NativeMethodAccessorImpl.invoke(NativeMethodAccessorImpl.java:62)
	at sun.reflect.DelegatingMethodAccessorImpl.invoke(DelegatingMethodAccessorImpl.java:43)
	at java.lang.reflect.Method.invoke(Method.java:498)
	at org.junit.runners.model.FrameworkMethod$1.runReflectiveCall(FrameworkMethod.java:50)
	at org.junit.internal.runners.model.ReflectiveCallable.run(ReflectiveCallable.java:12)
	at org.junit.runners.model.FrameworkMethod.invokeExplosively(FrameworkMethod.java:47)
	at org.junit.internal.runners.statements.InvokeMethod.evaluate(InvokeMethod.java:17)
	at org.junit.rules.Verifier$1.evaluate(Verifier.java:35)
	at org.junit.rules.RunRules.evaluate(RunRules.java:20)
	at org.junit.runners.ParentRunner.runLeaf(ParentRunner.java:325)
	at org.junit.runners.BlockJUnit4ClassRunner.runChild(BlockJUnit4ClassRunner.java:78)
	at org.junit.runners.BlockJUnit4ClassRunner.runChild(BlockJUnit4ClassRunner.java:57)
	at org.junit.runners.ParentRunner$3.run(ParentRunner.java:290)
	at org.junit.runners.ParentRunner$1.schedule(ParentRunner.java:71)
	at org.junit.runners.ParentRunner.runChildren(ParentRunner.java:288)
	at org.junit.runners.ParentRunner.access$000(ParentRunner.java:58)
	at org.junit.runners.ParentRunner$2.evaluate(ParentRunner.java:268)
	at org.junit.runners.ParentRunner.run(ParentRunner.java:363)
	at org.gradle.api.internal.tasks.testing.junit.JUnitTestClassExecuter.runTestClass(JUnitTestClassExecuter.java:114)
	at org.gradle.api.internal.tasks.testing.junit.JUnitTestClassExecuter.execute(JUnitTestClassExecuter.java:57)
	at org.gradle.api.internal.tasks.testing.junit.JUnitTestClassProcessor.processTestClass(JUnitTestClassProcessor.java:66)
	at org.gradle.api.internal.tasks.testing.SuiteTestClassProcessor.processTestClass(SuiteTestClassProcessor.java:51)
	at sun.reflect.NativeMethodAccessorImpl.invoke0(Native Method)
	at sun.reflect.NativeMethodAccessorImpl.invoke(NativeMethodAccessorImpl.java:62)
	at sun.reflect.DelegatingMethodAccessorImpl.invoke(DelegatingMethodAccessorImpl.java:43)
	at java.lang.reflect.Method.invoke(Method.java:498)
	at org.gradle.internal.dispatch.ReflectionDispatch.dispatch(ReflectionDispatch.java:35)
	at org.gradle.internal.dispatch.ReflectionDispatch.dispatch(ReflectionDispatch.java:24)
	at org.gradle.internal.dispatch.ContextClassLoaderDispatch.dispatch(ContextClassLoaderDispatch.java:32)
	at org.gradle.internal.dispatch.ProxyDispatchAdapter$DispatchingInvocationHandler.invoke(ProxyDispatchAdapter.java:93)
	at com.sun.proxy.$Proxy1.processTestClass(Unknown Source)
	at org.gradle.api.internal.tasks.testing.worker.TestWorker.processTestClass(TestWorker.java:109)
	at sun.reflect.NativeMethodAccessorImpl.invoke0(Native Method)
	at sun.reflect.NativeMethodAccessorImpl.invoke(NativeMethodAccessorImpl.java:62)
	at sun.reflect.DelegatingMethodAccessorImpl.invoke(DelegatingMethodAccessorImpl.java:43)
	at java.lang.reflect.Method.invoke(Method.java:498)
	at org.gradle.internal.dispatch.ReflectionDispatch.dispatch(ReflectionDispatch.java:35)
	at org.gradle.internal.dispatch.ReflectionDispatch.dispatch(ReflectionDispatch.java:24)
	at org.gradle.internal.remote.internal.hub.MessageHubBackedObjectConnection$DispatchWrapper.dispatch(MessageHubBackedObjectConnection.java:146)
	at org.gradle.internal.remote.internal.hub.MessageHubBackedObjectConnection$DispatchWrapper.dispatch(MessageHubBackedObjectConnection.java:128)
	at org.gradle.internal.remote.internal.hub.MessageHub$Handler.run(MessageHub.java:404)
	at org.gradle.internal.concurrent.ExecutorPolicy$CatchAndRecordFailures.onExecute(ExecutorPolicy.java:63)
	at org.gradle.internal.concurrent.StoppableExecutorImpl$1.run(StoppableExecutorImpl.java:46)
	at java.util.concurrent.ThreadPoolExecutor.runWorker(ThreadPoolExecutor.java:1142)
	at java.util.concurrent.ThreadPoolExecutor$Worker.run(ThreadPoolExecutor.java:617)
	at org.gradle.internal.concurrent.ThreadFactoryImpl$ManagedThreadRunnable.run(ThreadFactoryImpl.java:55)
	at java.lang.Thread.run(Thread.java:748)
</failure>
  </testcase>
  <testcase name="testTwo" classname="Tests" time="0.06"/>
  <testcase name="testSeven" classname="Tests" time="0.04">
    <failure message="java.lang.AssertionError: &#10;Expected: &quot;GOOD&quot;&#10;     but: was &quot;ACC&quot;" type="java.lang.AssertionError">java.lang.AssertionError: 
Expected: &quot;GOOD&quot;
     but: was &quot;ACC&quot;
	at org.hamcrest.MatcherAssert.assertThat(MatcherAssert.java:20)
	at org.junit.Assert.assertThat(Assert.java:956)
	at org.junit.Assert.assertThat(Assert.java:923)
	at Tests.testEntry(Tests.java:21)
	at Tests.testSeven(Tests.java:64)
	at sun.reflect.NativeMethodAccessorImpl.invoke0(Native Method)
	at sun.reflect.NativeMethodAccessorImpl.invoke(NativeMethodAccessorImpl.java:62)
	at sun.reflect.DelegatingMethodAccessorImpl.invoke(DelegatingMethodAccessorImpl.java:43)
	at java.lang.reflect.Method.invoke(Method.java:498)
	at org.junit.runners.model.FrameworkMethod$1.runReflectiveCall(FrameworkMethod.java:50)
	at org.junit.internal.runners.model.ReflectiveCallable.run(ReflectiveCallable.java:12)
	at org.junit.runners.model.FrameworkMethod.invokeExplosively(FrameworkMethod.java:47)
	at org.junit.internal.runners.statements.InvokeMethod.evaluate(InvokeMethod.java:17)
	at org.junit.rules.Verifier$1.evaluate(Verifier.java:35)
	at org.junit.rules.RunRules.evaluate(RunRules.java:20)
	at org.junit.runners.ParentRunner.runLeaf(ParentRunner.java:325)
	at org.junit.runners.BlockJUnit4ClassRunner.runChild(BlockJUnit4ClassRunner.java:78)
	at org.junit.runners.BlockJUnit4ClassRunner.runChild(BlockJUnit4ClassRunner.java:57)
	at org.junit.runners.ParentRunner$3.run(ParentRunner.java:290)
	at org.junit.runners.ParentRunner$1.schedule(ParentRunner.java:71)
	at org.junit.runners.ParentRunner.runChildren(ParentRunner.java:288)
	at org.junit.runners.ParentRunner.access$000(ParentRunner.java:58)
	at org.junit.runners.ParentRunner$2.evaluate(ParentRunner.java:268)
	at org.junit.runners.ParentRunner.run(ParentRunner.java:363)
	at org.gradle.api.internal.tasks.testing.junit.JUnitTestClassExecuter.runTestClass(JUnitTestClassExecuter.java:114)
	at org.gradle.api.internal.tasks.testing.junit.JUnitTestClassExecuter.execute(JUnitTestClassExecuter.java:57)
	at org.gradle.api.internal.tasks.testing.junit.JUnitTestClassProcessor.processTestClass(JUnitTestClassProcessor.java:66)
	at org.gradle.api.internal.tasks.testing.SuiteTestClassProcessor.processTestClass(SuiteTestClassProcessor.java:51)
	at sun.reflect.NativeMethodAccessorImpl.invoke0(Native Method)
	at sun.reflect.NativeMethodAccessorImpl.invoke(NativeMethodAccessorImpl.java:62)
	at sun.reflect.DelegatingMethodAccessorImpl.invoke(DelegatingMethodAccessorImpl.java:43)
	at java.lang.reflect.Method.invoke(Method.java:498)
	at org.gradle.internal.dispatch.ReflectionDispatch.dispatch(ReflectionDispatch.java:35)
	at org.gradle.internal.dispatch.ReflectionDispatch.dispatch(ReflectionDispatch.java:24)
	at org.gradle.internal.dispatch.ContextClassLoaderDispatch.dispatch(ContextClassLoaderDispatch.java:32)
	at org.gradle.internal.dispatch.ProxyDispatchAdapter$DispatchingInvocationHandler.invoke(ProxyDispatchAdapter.java:93)
	at com.sun.proxy.$Proxy1.processTestClass(Unknown Source)
	at org.gradle.api.internal.tasks.testing.worker.TestWorker.processTestClass(TestWorker.java:109)
	at sun.reflect.NativeMethodAccessorImpl.invoke0(Native Method)
	at sun.reflect.NativeMethodAccessorImpl.invoke(NativeMethodAccessorImpl.java:62)
	at sun.reflect.DelegatingMethodAccessorImpl.invoke(DelegatingMethodAccessorImpl.java:43)
	at java.lang.reflect.Method.invoke(Method.java:498)
	at org.gradle.internal.dispatch.ReflectionDispatch.dispatch(ReflectionDispatch.java:35)
	at org.gradle.internal.dispatch.ReflectionDispatch.dispatch(ReflectionDispatch.java:24)
	at org.gradle.internal.remote.internal.hub.MessageHubBackedObjectConnection$DispatchWrapper.dispatch(MessageHubBackedObjectConnection.java:146)
	at org.gradle.internal.remote.internal.hub.MessageHubBackedObjectConnection$DispatchWrapper.dispatch(MessageHubBackedObjectConnection.java:128)
	at org.gradle.internal.remote.internal.hub.MessageHub$Handler.run(MessageHub.java:404)
	at org.gradle.internal.concurrent.ExecutorPolicy$CatchAndRecordFailures.onExecute(ExecutorPolicy.java:63)
	at org.gradle.internal.concurrent.StoppableExecutorImpl$1.run(StoppableExecutorImpl.java:46)
	at java.util.concurrent.ThreadPoolExecutor.runWorker(ThreadPoolExecutor.java:1142)
	at java.util.concurrent.ThreadPoolExecutor$Worker.run(ThreadPoolExecutor.java:617)
	at org.gradle.internal.concurrent.ThreadFactoryImpl$ManagedThreadRunnable.run(ThreadFactoryImpl.java:55)
	at java.lang.Thread.run(Thread.java:748)
</failure>
  </testcase>
  <testcase name="testThree" classname="Tests" time="0.05"/>
  <testcase name="testFive" classname="Tests" time="0.037"/>
  <testcase name="testFour" classname="Tests" time="0.031"/>
  <system-out><![CDATA[Dataset path is: /Users/dev/Desktop/knnalgorithm/car.data.txt
------------- LOGGER -------------
Car: {0,0,0,0,1,1} Dist: 1.000 C: UNACC
Car: {0,0,0,1,0,1} Dist: 1.000 C: UNACC
Car: {0,0,0,1,1,0} Dist: 1.000 C: UNACC
Car: {0,0,0,1,1,2} Dist: 1.000 C: UNACC
Car: {0,0,0,1,2,1} Dist: 1.000 C: UNACC
Car: {0,0,0,2,1,1} Dist: 1.000 C: UNACC
Car: {0,0,1,1,1,1} Dist: 1.000 C: UNACC
Car: {0,1,0,1,1,1} Dist: 1.000 C: UNACC
Car: {1,0,0,1,1,1} Dist: 1.000 C: UNACC
Classified as: UNACC
Dataset path is: /Users/dev/Desktop/knnalgorithm/car.data.txt
------------- LOGGER -------------
Car: {1,2,0,1,2,2} Dist: 1.000 C: ACC
Car: {2,1,0,1,2,2} Dist: 1.000 C: ACC
Car: {2,2,0,0,2,2} Dist: 1.000 C: UNACC
Car: {2,2,0,1,1,2} Dist: 1.000 C: ACC
Car: {2,2,0,1,2,1} Dist: 1.000 C: ACC
Car: {2,2,0,2,2,2} Dist: 1.000 C: VGOOD
Car: {2,2,1,1,2,2} Dist: 1.000 C: VGOOD
Car: {2,3,0,1,2,2} Dist: 1.000 C: VGOOD
Car: {3,2,0,1,2,2} Dist: 1.000 C: VGOOD
Classified as: ACC
Dataset path is: /Users/dev/Desktop/knnalgorithm/car.data.txt
------------- LOGGER -------------
Car: {0,0,0,1,1,0} Dist: 1.000 C: UNACC
Car: {0,0,1,0,1,0} Dist: 1.000 C: UNACC
Car: {0,0,1,1,0,0} Dist: 1.000 C: UNACC
Car: {0,0,1,1,1,1} Dist: 1.000 C: UNACC
Car: {0,0,1,1,2,0} Dist: 1.000 C: UNACC
Car: {0,0,1,2,1,0} Dist: 1.000 C: UNACC
Car: {0,0,2,1,1,0} Dist: 1.000 C: UNACC
Car: {0,1,1,1,1,0} Dist: 1.000 C: UNACC
Car: {1,0,1,1,1,0} Dist: 1.000 C: UNACC
Classified as: UNACC
Dataset path is: /Users/dev/Desktop/knnalgorithm/car.data.txt
------------- LOGGER -------------
Car: {1,3,0,1,0,2} Dist: 1.000 C: ACC
Car: {2,2,0,1,0,1} Dist: 1.414 C: ACC
Car: {2,2,0,1,0,2} Dist: 1.000 C: ACC
Car: {2,3,0,0,0,2} Dist: 1.000 C: UNACC
Car: {2,3,0,1,0,1} Dist: 1.000 C: ACC
Car: {2,3,0,1,1,2} Dist: 1.000 C: GOOD
Car: {2,3,0,2,0,2} Dist: 1.000 C: UNACC
Car: {2,3,1,1,0,2} Dist: 1.000 C: GOOD
Car: {3,3,0,1,0,2} Dist: 1.000 C: GOOD
Classified as: ACC
Dataset path is: /Users/dev/Desktop/knnalgorithm/car.data.txt
------------- LOGGER -------------
Car: {0,0,2,2,0,2} Dist: 1.000 C: UNACC
Car: {0,0,3,1,0,1} Dist: 1.414 C: UNACC
Car: {0,0,3,1,0,2} Dist: 1.000 C: UNACC
Car: {0,0,3,1,1,2} Dist: 1.414 C: UNACC
Car: {0,0,3,2,0,1} Dist: 1.000 C: UNACC
Car: {0,0,3,2,1,1} Dist: 1.414 C: UNACC
Car: {0,0,3,2,1,2} Dist: 1.000 C: UNACC
Car: {0,1,3,2,0,2} Dist: 1.000 C: UNACC
Car: {1,0,3,2,0,2} Dist: 1.000 C: UNACC
Classified as: UNACC
Dataset path is: /Users/dev/Desktop/knnalgorithm/car.data.txt
------------- LOGGER -------------
Car: {1,0,0,1,1,2} Dist: 1.000 C: UNACC
Car: {2,0,0,0,1,2} Dist: 1.000 C: UNACC
Car: {2,0,0,1,0,2} Dist: 1.000 C: ACC
Car: {2,0,0,1,1,1} Dist: 1.000 C: UNACC
Car: {2,0,0,1,2,2} Dist: 1.000 C: ACC
Car: {2,0,0,2,1,2} Dist: 1.000 C: ACC
Car: {2,0,1,1,1,2} Dist: 1.000 C: ACC
Car: {2,1,0,1,1,2} Dist: 1.000 C: ACC
Car: {3,0,0,1,1,2} Dist: 1.000 C: ACC
Classified as: ACC
Dataset path is: /Users/dev/Desktop/knnalgorithm/car.data.txt
------------- LOGGER -------------
Car: {2,3,3,1,2,2} Dist: 1.000 C: VGOOD
Car: {3,2,2,1,2,2} Dist: 1.414 C: VGOOD
Car: {3,2,3,0,2,2} Dist: 1.414 C: UNACC
Car: {3,2,3,1,2,2} Dist: 1.000 C: VGOOD
Car: {3,3,2,1,2,2} Dist: 1.000 C: VGOOD
Car: {3,3,3,0,2,2} Dist: 1.000 C: UNACC
Car: {3,3,3,1,1,2} Dist: 1.000 C: VGOOD
Car: {3,3,3,1,2,1} Dist: 1.000 C: GOOD
Car: {3,3,3,2,2,2} Dist: 1.000 C: VGOOD
Classified as: VGOOD
]]></system-out>
  <system-err><![CDATA[]]></system-err>
</testsuite>
