<!DOCTYPE html>
<html>
<head>
<meta http-equiv="Content-Type" content="text/html; charset=utf-8"/>
<meta http-equiv="x-ua-compatible" content="IE=edge"/>
<title>Test results - Class Tests</title>
<link href="../css/base-style.css" rel="stylesheet" type="text/css"/>
<link href="../css/style.css" rel="stylesheet" type="text/css"/>
<script src="../js/report.js" type="text/javascript"></script>
</head>
<body>
<div id="content">
<h1>Class Tests</h1>
<div class="breadcrumbs">
<a href="../index.html">all</a> &gt; 
<a href="../packages/default-package.html">default-package</a> &gt; Tests</div>
<div id="summary">
<table>
<tr>
<td>
<div class="summaryGroup">
<table>
<tr>
<td>
<div class="infoBox" id="tests">
<div class="counter">7</div>
<p>tests</p>
</div>
</td>
<td>
<div class="infoBox" id="failures">
<div class="counter">2</div>
<p>failures</p>
</div>
</td>
<td>
<div class="infoBox" id="ignored">
<div class="counter">0</div>
<p>ignored</p>
</div>
</td>
<td>
<div class="infoBox" id="duration">
<div class="counter">0.445s</div>
<p>duration</p>
</div>
</td>
</tr>
</table>
</div>
</td>
<td>
<div class="infoBox failures" id="successRate">
<div class="percent">71%</div>
<p>successful</p>
</div>
</td>
</tr>
</table>
</div>
<div id="tabs">
<ul class="tabLinks">
<li>
<a href="#tab0">Failed tests</a>
</li>
<li>
<a href="#tab1">Tests</a>
</li>
<li>
<a href="#tab2">Standard output</a>
</li>
</ul>
<div id="tab0" class="tab">
<h2>Failed tests</h2>
<div class="test">
<a name="testSeven"></a>
<h3 class="failures">testSeven</h3>
<span class="code">
<pre>java.lang.AssertionError: 
Expected: &quot;GOOD&quot;
     but: was &quot;ACC&quot;
	at org.hamcrest.MatcherAssert.assertThat(MatcherAssert.java:20)
	at org.junit.Assert.assertThat(Assert.java:956)
	at org.junit.Assert.assertThat(Assert.java:923)
	at Tests.testEntry(Tests.java:21)
	at Tests.testSeven(Tests.java:64)
	at sun.reflect.NativeMethodAccessorImpl.invoke0(Native Method)
	at sun.reflect.NativeMethodAccessorImpl.invoke(NativeMethodAccessorImpl.java:62)
	at sun.reflect.DelegatingMethodAccessorImpl.invoke(DelegatingMethodAccessorImpl.java:43)
	at java.lang.reflect.Method.invoke(Method.java:498)
	at org.junit.runners.model.FrameworkMethod$1.runReflectiveCall(FrameworkMethod.java:50)
	at org.junit.internal.runners.model.ReflectiveCallable.run(ReflectiveCallable.java:12)
	at org.junit.runners.model.FrameworkMethod.invokeExplosively(FrameworkMethod.java:47)
	at org.junit.internal.runners.statements.InvokeMethod.evaluate(InvokeMethod.java:17)
	at org.junit.rules.Verifier$1.evaluate(Verifier.java:35)
	at org.junit.rules.RunRules.evaluate(RunRules.java:20)
	at org.junit.runners.ParentRunner.runLeaf(ParentRunner.java:325)
	at org.junit.runners.BlockJUnit4ClassRunner.runChild(BlockJUnit4ClassRunner.java:78)
	at org.junit.runners.BlockJUnit4ClassRunner.runChild(BlockJUnit4ClassRunner.java:57)
	at org.junit.runners.ParentRunner$3.run(ParentRunner.java:290)
	at org.junit.runners.ParentRunner$1.schedule(ParentRunner.java:71)
	at org.junit.runners.ParentRunner.runChildren(ParentRunner.java:288)
	at org.junit.runners.ParentRunner.access$000(ParentRunner.java:58)
	at org.junit.runners.ParentRunner$2.evaluate(ParentRunner.java:268)
	at org.junit.runners.ParentRunner.run(ParentRunner.java:363)
	at org.gradle.api.internal.tasks.testing.junit.JUnitTestClassExecuter.runTestClass(JUnitTestClassExecuter.java:114)
	at org.gradle.api.internal.tasks.testing.junit.JUnitTestClassExecuter.execute(JUnitTestClassExecuter.java:57)
	at org.gradle.api.internal.tasks.testing.junit.JUnitTestClassProcessor.processTestClass(JUnitTestClassProcessor.java:66)
	at org.gradle.api.internal.tasks.testing.SuiteTestClassProcessor.processTestClass(SuiteTestClassProcessor.java:51)
	at sun.reflect.NativeMethodAccessorImpl.invoke0(Native Method)
	at sun.reflect.NativeMethodAccessorImpl.invoke(NativeMethodAccessorImpl.java:62)
	at sun.reflect.DelegatingMethodAccessorImpl.invoke(DelegatingMethodAccessorImpl.java:43)
	at java.lang.reflect.Method.invoke(Method.java:498)
	at org.gradle.internal.dispatch.ReflectionDispatch.dispatch(ReflectionDispatch.java:35)
	at org.gradle.internal.dispatch.ReflectionDispatch.dispatch(ReflectionDispatch.java:24)
	at org.gradle.internal.dispatch.ContextClassLoaderDispatch.dispatch(ContextClassLoaderDispatch.java:32)
	at org.gradle.internal.dispatch.ProxyDispatchAdapter$DispatchingInvocationHandler.invoke(ProxyDispatchAdapter.java:93)
	at com.sun.proxy.$Proxy1.processTestClass(Unknown Source)
	at org.gradle.api.internal.tasks.testing.worker.TestWorker.processTestClass(TestWorker.java:109)
	at sun.reflect.NativeMethodAccessorImpl.invoke0(Native Method)
	at sun.reflect.NativeMethodAccessorImpl.invoke(NativeMethodAccessorImpl.java:62)
	at sun.reflect.DelegatingMethodAccessorImpl.invoke(DelegatingMethodAccessorImpl.java:43)
	at java.lang.reflect.Method.invoke(Method.java:498)
	at org.gradle.internal.dispatch.ReflectionDispatch.dispatch(ReflectionDispatch.java:35)
	at org.gradle.internal.dispatch.ReflectionDispatch.dispatch(ReflectionDispatch.java:24)
	at org.gradle.internal.remote.internal.hub.MessageHubBackedObjectConnection$DispatchWrapper.dispatch(MessageHubBackedObjectConnection.java:146)
	at org.gradle.internal.remote.internal.hub.MessageHubBackedObjectConnection$DispatchWrapper.dispatch(MessageHubBackedObjectConnection.java:128)
	at org.gradle.internal.remote.internal.hub.MessageHub$Handler.run(MessageHub.java:404)
	at org.gradle.internal.concurrent.ExecutorPolicy$CatchAndRecordFailures.onExecute(ExecutorPolicy.java:63)
	at org.gradle.internal.concurrent.StoppableExecutorImpl$1.run(StoppableExecutorImpl.java:46)
	at java.util.concurrent.ThreadPoolExecutor.runWorker(ThreadPoolExecutor.java:1142)
	at java.util.concurrent.ThreadPoolExecutor$Worker.run(ThreadPoolExecutor.java:617)
	at org.gradle.internal.concurrent.ThreadFactoryImpl$ManagedThreadRunnable.run(ThreadFactoryImpl.java:55)
	at java.lang.Thread.run(Thread.java:748)
</pre>
</span>
</div>
<div class="test">
<a name="testSix"></a>
<h3 class="failures">testSix</h3>
<span class="code">
<pre>java.lang.AssertionError: 
Expected: &quot;VGOOD&quot;
     but: was &quot;ACC&quot;
	at org.hamcrest.MatcherAssert.assertThat(MatcherAssert.java:20)
	at org.junit.Assert.assertThat(Assert.java:956)
	at org.junit.Assert.assertThat(Assert.java:923)
	at Tests.testEntry(Tests.java:21)
	at Tests.testSix(Tests.java:58)
	at sun.reflect.NativeMethodAccessorImpl.invoke0(Native Method)
	at sun.reflect.NativeMethodAccessorImpl.invoke(NativeMethodAccessorImpl.java:62)
	at sun.reflect.DelegatingMethodAccessorImpl.invoke(DelegatingMethodAccessorImpl.java:43)
	at java.lang.reflect.Method.invoke(Method.java:498)
	at org.junit.runners.model.FrameworkMethod$1.runReflectiveCall(FrameworkMethod.java:50)
	at org.junit.internal.runners.model.ReflectiveCallable.run(ReflectiveCallable.java:12)
	at org.junit.runners.model.FrameworkMethod.invokeExplosively(FrameworkMethod.java:47)
	at org.junit.internal.runners.statements.InvokeMethod.evaluate(InvokeMethod.java:17)
	at org.junit.rules.Verifier$1.evaluate(Verifier.java:35)
	at org.junit.rules.RunRules.evaluate(RunRules.java:20)
	at org.junit.runners.ParentRunner.runLeaf(ParentRunner.java:325)
	at org.junit.runners.BlockJUnit4ClassRunner.runChild(BlockJUnit4ClassRunner.java:78)
	at org.junit.runners.BlockJUnit4ClassRunner.runChild(BlockJUnit4ClassRunner.java:57)
	at org.junit.runners.ParentRunner$3.run(ParentRunner.java:290)
	at org.junit.runners.ParentRunner$1.schedule(ParentRunner.java:71)
	at org.junit.runners.ParentRunner.runChildren(ParentRunner.java:288)
	at org.junit.runners.ParentRunner.access$000(ParentRunner.java:58)
	at org.junit.runners.ParentRunner$2.evaluate(ParentRunner.java:268)
	at org.junit.runners.ParentRunner.run(ParentRunner.java:363)
	at org.gradle.api.internal.tasks.testing.junit.JUnitTestClassExecuter.runTestClass(JUnitTestClassExecuter.java:114)
	at org.gradle.api.internal.tasks.testing.junit.JUnitTestClassExecuter.execute(JUnitTestClassExecuter.java:57)
	at org.gradle.api.internal.tasks.testing.junit.JUnitTestClassProcessor.processTestClass(JUnitTestClassProcessor.java:66)
	at org.gradle.api.internal.tasks.testing.SuiteTestClassProcessor.processTestClass(SuiteTestClassProcessor.java:51)
	at sun.reflect.NativeMethodAccessorImpl.invoke0(Native Method)
	at sun.reflect.NativeMethodAccessorImpl.invoke(NativeMethodAccessorImpl.java:62)
	at sun.reflect.DelegatingMethodAccessorImpl.invoke(DelegatingMethodAccessorImpl.java:43)
	at java.lang.reflect.Method.invoke(Method.java:498)
	at org.gradle.internal.dispatch.ReflectionDispatch.dispatch(ReflectionDispatch.java:35)
	at org.gradle.internal.dispatch.ReflectionDispatch.dispatch(ReflectionDispatch.java:24)
	at org.gradle.internal.dispatch.ContextClassLoaderDispatch.dispatch(ContextClassLoaderDispatch.java:32)
	at org.gradle.internal.dispatch.ProxyDispatchAdapter$DispatchingInvocationHandler.invoke(ProxyDispatchAdapter.java:93)
	at com.sun.proxy.$Proxy1.processTestClass(Unknown Source)
	at org.gradle.api.internal.tasks.testing.worker.TestWorker.processTestClass(TestWorker.java:109)
	at sun.reflect.NativeMethodAccessorImpl.invoke0(Native Method)
	at sun.reflect.NativeMethodAccessorImpl.invoke(NativeMethodAccessorImpl.java:62)
	at sun.reflect.DelegatingMethodAccessorImpl.invoke(DelegatingMethodAccessorImpl.java:43)
	at java.lang.reflect.Method.invoke(Method.java:498)
	at org.gradle.internal.dispatch.ReflectionDispatch.dispatch(ReflectionDispatch.java:35)
	at org.gradle.internal.dispatch.ReflectionDispatch.dispatch(ReflectionDispatch.java:24)
	at org.gradle.internal.remote.internal.hub.MessageHubBackedObjectConnection$DispatchWrapper.dispatch(MessageHubBackedObjectConnection.java:146)
	at org.gradle.internal.remote.internal.hub.MessageHubBackedObjectConnection$DispatchWrapper.dispatch(MessageHubBackedObjectConnection.java:128)
	at org.gradle.internal.remote.internal.hub.MessageHub$Handler.run(MessageHub.java:404)
	at org.gradle.internal.concurrent.ExecutorPolicy$CatchAndRecordFailures.onExecute(ExecutorPolicy.java:63)
	at org.gradle.internal.concurrent.StoppableExecutorImpl$1.run(StoppableExecutorImpl.java:46)
	at java.util.concurrent.ThreadPoolExecutor.runWorker(ThreadPoolExecutor.java:1142)
	at java.util.concurrent.ThreadPoolExecutor$Worker.run(ThreadPoolExecutor.java:617)
	at org.gradle.internal.concurrent.ThreadFactoryImpl$ManagedThreadRunnable.run(ThreadFactoryImpl.java:55)
	at java.lang.Thread.run(Thread.java:748)
</pre>
</span>
</div>
</div>
<div id="tab1" class="tab">
<h2>Tests</h2>
<table>
<thead>
<tr>
<th>Test</th>
<th>Duration</th>
<th>Result</th>
</tr>
</thead>
<tr>
<td class="success">testFive</td>
<td>0.037s</td>
<td class="success">passed</td>
</tr>
<tr>
<td class="success">testFour</td>
<td>0.031s</td>
<td class="success">passed</td>
</tr>
<tr>
<td class="success">testOne</td>
<td>0.119s</td>
<td class="success">passed</td>
</tr>
<tr>
<td class="failures">testSeven</td>
<td>0.040s</td>
<td class="failures">failed</td>
</tr>
<tr>
<td class="failures">testSix</td>
<td>0.108s</td>
<td class="failures">failed</td>
</tr>
<tr>
<td class="success">testThree</td>
<td>0.050s</td>
<td class="success">passed</td>
</tr>
<tr>
<td class="success">testTwo</td>
<td>0.060s</td>
<td class="success">passed</td>
</tr>
</table>
</div>
<div id="tab2" class="tab">
<h2>Standard output</h2>
<span class="code">
<pre>Dataset path is: /Users/dev/Desktop/knnalgorithm/car.data.txt
------------- LOGGER -------------
Car: {0,0,0,0,1,1} Dist: 1.000 C: UNACC
Car: {0,0,0,1,0,1} Dist: 1.000 C: UNACC
Car: {0,0,0,1,1,0} Dist: 1.000 C: UNACC
Car: {0,0,0,1,1,2} Dist: 1.000 C: UNACC
Car: {0,0,0,1,2,1} Dist: 1.000 C: UNACC
Car: {0,0,0,2,1,1} Dist: 1.000 C: UNACC
Car: {0,0,1,1,1,1} Dist: 1.000 C: UNACC
Car: {0,1,0,1,1,1} Dist: 1.000 C: UNACC
Car: {1,0,0,1,1,1} Dist: 1.000 C: UNACC
Classified as: UNACC
Dataset path is: /Users/dev/Desktop/knnalgorithm/car.data.txt
------------- LOGGER -------------
Car: {1,2,0,1,2,2} Dist: 1.000 C: ACC
Car: {2,1,0,1,2,2} Dist: 1.000 C: ACC
Car: {2,2,0,0,2,2} Dist: 1.000 C: UNACC
Car: {2,2,0,1,1,2} Dist: 1.000 C: ACC
Car: {2,2,0,1,2,1} Dist: 1.000 C: ACC
Car: {2,2,0,2,2,2} Dist: 1.000 C: VGOOD
Car: {2,2,1,1,2,2} Dist: 1.000 C: VGOOD
Car: {2,3,0,1,2,2} Dist: 1.000 C: VGOOD
Car: {3,2,0,1,2,2} Dist: 1.000 C: VGOOD
Classified as: ACC
Dataset path is: /Users/dev/Desktop/knnalgorithm/car.data.txt
------------- LOGGER -------------
Car: {0,0,0,1,1,0} Dist: 1.000 C: UNACC
Car: {0,0,1,0,1,0} Dist: 1.000 C: UNACC
Car: {0,0,1,1,0,0} Dist: 1.000 C: UNACC
Car: {0,0,1,1,1,1} Dist: 1.000 C: UNACC
Car: {0,0,1,1,2,0} Dist: 1.000 C: UNACC
Car: {0,0,1,2,1,0} Dist: 1.000 C: UNACC
Car: {0,0,2,1,1,0} Dist: 1.000 C: UNACC
Car: {0,1,1,1,1,0} Dist: 1.000 C: UNACC
Car: {1,0,1,1,1,0} Dist: 1.000 C: UNACC
Classified as: UNACC
Dataset path is: /Users/dev/Desktop/knnalgorithm/car.data.txt
------------- LOGGER -------------
Car: {1,3,0,1,0,2} Dist: 1.000 C: ACC
Car: {2,2,0,1,0,1} Dist: 1.414 C: ACC
Car: {2,2,0,1,0,2} Dist: 1.000 C: ACC
Car: {2,3,0,0,0,2} Dist: 1.000 C: UNACC
Car: {2,3,0,1,0,1} Dist: 1.000 C: ACC
Car: {2,3,0,1,1,2} Dist: 1.000 C: GOOD
Car: {2,3,0,2,0,2} Dist: 1.000 C: UNACC
Car: {2,3,1,1,0,2} Dist: 1.000 C: GOOD
Car: {3,3,0,1,0,2} Dist: 1.000 C: GOOD
Classified as: ACC
Dataset path is: /Users/dev/Desktop/knnalgorithm/car.data.txt
------------- LOGGER -------------
Car: {0,0,2,2,0,2} Dist: 1.000 C: UNACC
Car: {0,0,3,1,0,1} Dist: 1.414 C: UNACC
Car: {0,0,3,1,0,2} Dist: 1.000 C: UNACC
Car: {0,0,3,1,1,2} Dist: 1.414 C: UNACC
Car: {0,0,3,2,0,1} Dist: 1.000 C: UNACC
Car: {0,0,3,2,1,1} Dist: 1.414 C: UNACC
Car: {0,0,3,2,1,2} Dist: 1.000 C: UNACC
Car: {0,1,3,2,0,2} Dist: 1.000 C: UNACC
Car: {1,0,3,2,0,2} Dist: 1.000 C: UNACC
Classified as: UNACC
Dataset path is: /Users/dev/Desktop/knnalgorithm/car.data.txt
------------- LOGGER -------------
Car: {1,0,0,1,1,2} Dist: 1.000 C: UNACC
Car: {2,0,0,0,1,2} Dist: 1.000 C: UNACC
Car: {2,0,0,1,0,2} Dist: 1.000 C: ACC
Car: {2,0,0,1,1,1} Dist: 1.000 C: UNACC
Car: {2,0,0,1,2,2} Dist: 1.000 C: ACC
Car: {2,0,0,2,1,2} Dist: 1.000 C: ACC
Car: {2,0,1,1,1,2} Dist: 1.000 C: ACC
Car: {2,1,0,1,1,2} Dist: 1.000 C: ACC
Car: {3,0,0,1,1,2} Dist: 1.000 C: ACC
Classified as: ACC
Dataset path is: /Users/dev/Desktop/knnalgorithm/car.data.txt
------------- LOGGER -------------
Car: {2,3,3,1,2,2} Dist: 1.000 C: VGOOD
Car: {3,2,2,1,2,2} Dist: 1.414 C: VGOOD
Car: {3,2,3,0,2,2} Dist: 1.414 C: UNACC
Car: {3,2,3,1,2,2} Dist: 1.000 C: VGOOD
Car: {3,3,2,1,2,2} Dist: 1.000 C: VGOOD
Car: {3,3,3,0,2,2} Dist: 1.000 C: UNACC
Car: {3,3,3,1,1,2} Dist: 1.000 C: VGOOD
Car: {3,3,3,1,2,1} Dist: 1.000 C: GOOD
Car: {3,3,3,2,2,2} Dist: 1.000 C: VGOOD
Classified as: VGOOD
</pre>
</span>
</div>
</div>
<div id="footer">
<p>
<div>
<label class="hidden" id="label-for-line-wrapping-toggle" for="line-wrapping-toggle">Wrap lines
<input id="line-wrapping-toggle" type="checkbox" autocomplete="off"/>
</label>
</div>Generated by 
<a href="http://www.gradle.org">Gradle 4.0</a> at 04/07/2017 10:34:32</p>
</div>
</div>
</body>
</html>
